  TrainingData.cpp
c:\users\necryotiks\documents\git_repos\wsu-cpts\neuralnet\neuralnet\trainingdata.cpp(20): error C2672: 'getline': no matching overloaded function found
c:\users\necryotiks\documents\git_repos\wsu-cpts\neuralnet\neuralnet\trainingdata.cpp(20): error C2784: 'std::basic_istream<_Elem,_Traits> &std::getline(std::basic_istream<_Elem,_Traits> &,std::basic_string<_Elem,_Traits,_Alloc> &)': could not deduce template argument for 'std::basic_istream<_Elem,_Traits> &' from 'std::fstream'
  c:\program files (x86)\microsoft visual studio 14.0\vc\include\string(157): note: see declaration of 'std::getline'
c:\users\necryotiks\documents\git_repos\wsu-cpts\neuralnet\neuralnet\trainingdata.cpp(20): error C2784: 'std::basic_istream<_Elem,_Traits> &std::getline(std::basic_istream<_Elem,_Traits> &,std::basic_string<_Elem,_Traits,_Alloc> &)': could not deduce template argument for 'std::basic_string<_Elem,_Traits,_Alloc> &' from 'std::stringstream'
  c:\program files (x86)\microsoft visual studio 14.0\vc\include\string(157): note: see declaration of 'std::getline'
c:\users\necryotiks\documents\git_repos\wsu-cpts\neuralnet\neuralnet\trainingdata.cpp(20): error C2780: 'std::basic_istream<_Elem,_Traits> &std::getline(std::basic_istream<_Elem,_Traits> &,std::basic_string<_Elem,_Traits,_Alloc> &,const _Elem)': expects 3 arguments - 2 provided
  c:\program files (x86)\microsoft visual studio 14.0\vc\include\string(146): note: see declaration of 'std::getline'
c:\users\necryotiks\documents\git_repos\wsu-cpts\neuralnet\neuralnet\trainingdata.cpp(20): error C2784: 'std::basic_istream<_Elem,_Traits> &std::getline(std::basic_istream<_Elem,_Traits> &&,std::basic_string<_Elem,_Traits,_Alloc> &)': could not deduce template argument for 'std::basic_istream<_Elem,_Traits> &&' from 'std::fstream'
  c:\program files (x86)\microsoft visual studio 14.0\vc\include\string(126): note: see declaration of 'std::getline'
c:\users\necryotiks\documents\git_repos\wsu-cpts\neuralnet\neuralnet\trainingdata.cpp(20): error C2784: 'std::basic_istream<_Elem,_Traits> &std::getline(std::basic_istream<_Elem,_Traits> &&,std::basic_string<_Elem,_Traits,_Alloc> &)': could not deduce template argument for 'std::basic_string<_Elem,_Traits,_Alloc> &' from 'std::stringstream'
  c:\program files (x86)\microsoft visual studio 14.0\vc\include\string(126): note: see declaration of 'std::getline'
c:\users\necryotiks\documents\git_repos\wsu-cpts\neuralnet\neuralnet\trainingdata.cpp(20): error C2780: 'std::basic_istream<_Elem,_Traits> &std::getline(std::basic_istream<_Elem,_Traits> &&,std::basic_string<_Elem,_Traits,_Alloc> &,const _Elem)': expects 3 arguments - 2 provided
  c:\program files (x86)\microsoft visual studio 14.0\vc\include\string(73): note: see declaration of 'std::getline'
c:\users\necryotiks\documents\git_repos\wsu-cpts\neuralnet\neuralnet\trainingdata.cpp(21): error C2676: binary '[': 'std::stringstream' does not define this operator or a conversion to a type acceptable to the predefined operator
  Generating Code...
  Compiling...
  Header.cpp
c:\users\necryotiks\documents\git_repos\wsu-cpts\neuralnet\neuralnet\header.cpp(6): warning C4018: '<': signed/unsigned mismatch
  Generating Code...
  Compiling...
  Source.cpp
  Neuron.cpp
c:\users\necryotiks\documents\git_repos\wsu-cpts\neuralnet\neuralnet\neuron.cpp(31): warning C4018: '<': signed/unsigned mismatch
c:\users\necryotiks\documents\git_repos\wsu-cpts\neuralnet\neuralnet\neuron.cpp(55): warning C4018: '<': signed/unsigned mismatch
c:\users\necryotiks\documents\git_repos\wsu-cpts\neuralnet\neuralnet\neuron.cpp(77): warning C4018: '<': signed/unsigned mismatch
  Net.cpp
c:\users\necryotiks\documents\git_repos\wsu-cpts\neuralnet\neuralnet\net.cpp(42): warning C4018: '<': signed/unsigned mismatch
c:\users\necryotiks\documents\git_repos\wsu-cpts\neuralnet\neuralnet\net.cpp(49): warning C4018: '<': signed/unsigned mismatch
c:\users\necryotiks\documents\git_repos\wsu-cpts\neuralnet\neuralnet\net.cpp(52): warning C4018: '<': signed/unsigned mismatch
c:\users\necryotiks\documents\git_repos\wsu-cpts\neuralnet\neuralnet\net.cpp(65): warning C4018: '<': signed/unsigned mismatch
c:\users\necryotiks\documents\git_repos\wsu-cpts\neuralnet\neuralnet\net.cpp(77): warning C4018: '<': signed/unsigned mismatch
c:\users\necryotiks\documents\git_repos\wsu-cpts\neuralnet\neuralnet\net.cpp(86): warning C4018: '<': signed/unsigned mismatch
c:\users\necryotiks\documents\git_repos\wsu-cpts\neuralnet\neuralnet\net.cpp(97): warning C4018: '<': signed/unsigned mismatch
c:\users\necryotiks\documents\git_repos\wsu-cpts\neuralnet\neuralnet\net.cpp(108): warning C4018: '<': signed/unsigned mismatch
  Generating Code...
