c:\users\necryotiks\documents\github\wsu-cpts\wsu-cpts\neuralnet\neuralnet\debug\neuralnet.pch.codeanalysis
c:\users\necryotiks\documents\github\wsu-cpts\wsu-cpts\neuralnet\neuralnet\debug\vc141.pdb
c:\users\necryotiks\documents\github\wsu-cpts\wsu-cpts\neuralnet\neuralnet\debug\vc141.idb
c:\users\necryotiks\documents\github\wsu-cpts\wsu-cpts\neuralnet\neuralnet\debug\neuralnet.pch.codeanalysisast
c:\users\necryotiks\documents\github\wsu-cpts\wsu-cpts\neuralnet\neuralnet\debug\stdafx.nativecodeanalysis.xml
c:\users\necryotiks\documents\github\wsu-cpts\wsu-cpts\neuralnet\neuralnet\debug\stdafx.obj
c:\users\necryotiks\documents\github\wsu-cpts\wsu-cpts\neuralnet\neuralnet\debug\neuralnet.pch
c:\users\necryotiks\documents\github\wsu-cpts\wsu-cpts\neuralnet\neuralnet\debug\net.nativecodeanalysis.xml
c:\users\necryotiks\documents\github\wsu-cpts\wsu-cpts\neuralnet\neuralnet\debug\neuron.nativecodeanalysis.xml
c:\users\necryotiks\documents\github\wsu-cpts\wsu-cpts\neuralnet\neuralnet\debug\source.nativecodeanalysis.xml
c:\users\necryotiks\documents\github\wsu-cpts\wsu-cpts\neuralnet\neuralnet\debug\topographicaldata.nativecodeanalysis.xml
c:\users\necryotiks\documents\github\wsu-cpts\wsu-cpts\neuralnet\neuralnet\debug\trainingdata.nativecodeanalysis.xml
c:\users\necryotiks\documents\github\wsu-cpts\wsu-cpts\neuralnet\neuralnet\debug\trainingdata.obj
c:\users\necryotiks\documents\github\wsu-cpts\wsu-cpts\neuralnet\neuralnet\debug\topographicaldata.obj
c:\users\necryotiks\documents\github\wsu-cpts\wsu-cpts\neuralnet\neuralnet\debug\source.obj
c:\users\necryotiks\documents\github\wsu-cpts\wsu-cpts\neuralnet\neuralnet\debug\neuron.obj
c:\users\necryotiks\documents\github\wsu-cpts\wsu-cpts\neuralnet\neuralnet\debug\net.obj
c:\users\necryotiks\documents\github\wsu-cpts\wsu-cpts\neuralnet\debug\neuralnet.ilk
c:\users\necryotiks\documents\github\wsu-cpts\wsu-cpts\neuralnet\debug\neuralnet.exe
c:\users\necryotiks\documents\github\wsu-cpts\wsu-cpts\neuralnet\debug\neuralnet.pdb
c:\users\necryotiks\documents\github\wsu-cpts\wsu-cpts\neuralnet\neuralnet\debug\nativecodeanalysis.read.1.tlog
c:\users\necryotiks\documents\github\wsu-cpts\wsu-cpts\neuralnet\neuralnet\debug\vc.nativecodeanalysis.all.xml
c:\users\necryotiks\documents\github\wsu-cpts\wsu-cpts\neuralnet\debug\neuralnet.exe.lastcodeanalysissucceeded
c:\users\necryotiks\documents\github\wsu-cpts\wsu-cpts\neuralnet\neuralnet\debug\neuralnet.tlog\cl.command.1.tlog
c:\users\necryotiks\documents\github\wsu-cpts\wsu-cpts\neuralnet\neuralnet\debug\neuralnet.tlog\cl.read.1.tlog
c:\users\necryotiks\documents\github\wsu-cpts\wsu-cpts\neuralnet\neuralnet\debug\neuralnet.tlog\cl.write.1.tlog
c:\users\necryotiks\documents\github\wsu-cpts\wsu-cpts\neuralnet\neuralnet\debug\neuralnet.tlog\link.command.1.tlog
c:\users\necryotiks\documents\github\wsu-cpts\wsu-cpts\neuralnet\neuralnet\debug\neuralnet.tlog\link.read.1.tlog
c:\users\necryotiks\documents\github\wsu-cpts\wsu-cpts\neuralnet\neuralnet\debug\neuralnet.tlog\link.write.1.tlog
