  functions.c
c:\users\necryotiks\documents\visual studio 2015\projects\digital music manager\digital music manager\functions.c(191): warning C4474: 'scanf' : too many arguments passed for format string
  c:\users\necryotiks\documents\visual studio 2015\projects\digital music manager\digital music manager\functions.c(191): note: placeholders and their parameters expect 0 variadic arguments, but 1 were provided
c:\users\necryotiks\documents\visual studio 2015\projects\digital music manager\digital music manager\functions.c(290): warning C4244: 'function': conversion from 'time_t' to 'unsigned int', possible loss of data
c:\users\necryotiks\documents\visual studio 2015\projects\digital music manager\digital music manager\functions.c(426): warning C4018: '<': signed/unsigned mismatch
c:\users\necryotiks\documents\visual studio 2015\projects\digital music manager\digital music manager\functions.c(525): warning C4020: 'puts': too many actual parameters
c:\users\necryotiks\documents\visual studio 2015\projects\digital music manager\digital music manager\functions.c(550): warning C4133: '=': incompatible types - from 'ListNode *' to 'char *'
c:\users\necryotiks\documents\visual studio 2015\projects\digital music manager\digital music manager\functions.c(558): warning C4133: '=': incompatible types - from 'char *' to 'ListNode *'
c:\users\necryotiks\documents\visual studio 2015\projects\digital music manager\digital music manager\functions.c(568): warning C4133: '=': incompatible types - from 'ListNode *' to 'char *'
c:\users\necryotiks\documents\visual studio 2015\projects\digital music manager\digital music manager\functions.c(422): warning C4474: 'scanf' : too many arguments passed for format string
  c:\users\necryotiks\documents\visual studio 2015\projects\digital music manager\digital music manager\functions.c(422): note: placeholders and their parameters expect 0 variadic arguments, but 1 were provided
c:\users\necryotiks\documents\visual studio 2015\projects\digital music manager\digital music manager\functions.c(433): warning C4474: 'scanf' : too many arguments passed for format string
  c:\users\necryotiks\documents\visual studio 2015\projects\digital music manager\digital music manager\functions.c(433): note: placeholders and their parameters expect 0 variadic arguments, but 1 were provided
c:\users\necryotiks\documents\visual studio 2015\projects\digital music manager\digital music manager\functions.c(481): warning C4474: 'scanf' : too many arguments passed for format string
  c:\users\necryotiks\documents\visual studio 2015\projects\digital music manager\digital music manager\functions.c(481): note: placeholders and their parameters expect 0 variadic arguments, but 1 were provided
c:\users\necryotiks\documents\visual studio 2015\projects\digital music manager\digital music manager\functions.c(490): warning C4474: 'scanf' : too many arguments passed for format string
  c:\users\necryotiks\documents\visual studio 2015\projects\digital music manager\digital music manager\functions.c(490): note: placeholders and their parameters expect 0 variadic arguments, but 1 were provided
c:\users\necryotiks\documents\visual studio 2015\projects\digital music manager\digital music manager\functions.c(499): warning C4474: 'scanf' : too many arguments passed for format string
  c:\users\necryotiks\documents\visual studio 2015\projects\digital music manager\digital music manager\functions.c(499): note: placeholders and their parameters expect 0 variadic arguments, but 1 were provided
c:\users\necryotiks\documents\visual studio 2015\projects\digital music manager\digital music manager\functions.c(508): warning C4474: 'scanf' : too many arguments passed for format string
  c:\users\necryotiks\documents\visual studio 2015\projects\digital music manager\digital music manager\functions.c(508): note: placeholders and their parameters expect 0 variadic arguments, but 1 were provided
c:\users\necryotiks\documents\visual studio 2015\projects\digital music manager\digital music manager\functions.c(417): warning C4101: 'namecheck': unreferenced local variable
c:\users\necryotiks\documents\visual studio 2015\projects\digital music manager\digital music manager\functions.c(418): warning C4101: 'songlist': unreferenced local variable
c:\users\necryotiks\documents\visual studio 2015\projects\digital music manager\digital music manager\functions.c(606): warning C4018: '<': signed/unsigned mismatch
c:\users\necryotiks\documents\visual studio 2015\projects\digital music manager\digital music manager\functions.c(689): warning C4133: '=': incompatible types - from 'ListNode *' to 'char *'
c:\users\necryotiks\documents\visual studio 2015\projects\digital music manager\digital music manager\functions.c(697): warning C4133: '=': incompatible types - from 'char *' to 'ListNode *'
c:\users\necryotiks\documents\visual studio 2015\projects\digital music manager\digital music manager\functions.c(707): warning C4133: '=': incompatible types - from 'ListNode *' to 'char *'
c:\users\necryotiks\documents\visual studio 2015\projects\digital music manager\digital music manager\functions.c(613): warning C4474: 'scanf' : too many arguments passed for format string
  c:\users\necryotiks\documents\visual studio 2015\projects\digital music manager\digital music manager\functions.c(613): note: placeholders and their parameters expect 0 variadic arguments, but 1 were provided
c:\users\necryotiks\documents\visual studio 2015\projects\digital music manager\digital music manager\functions.c(596): warning C4101: 'namecheck': unreferenced local variable
c:\users\necryotiks\documents\visual studio 2015\projects\digital music manager\digital music manager\functions.c(597): warning C4101: 'songlist': unreferenced local variable
c:\users\necryotiks\documents\visual studio 2015\projects\digital music manager\digital music manager\functions.c(783): warning C4474: 'scanf' : too many arguments passed for format string
  c:\users\necryotiks\documents\visual studio 2015\projects\digital music manager\digital music manager\functions.c(783): note: placeholders and their parameters expect 0 variadic arguments, but 1 were provided
  Digital Music Manager.vcxproj -> C:\Users\Necryotiks\Documents\Visual Studio 2015\Projects\Digital Music Manager\Debug\Digital Music Manager.exe
  Digital Music Manager.vcxproj -> C:\Users\Necryotiks\Documents\Visual Studio 2015\Projects\Digital Music Manager\Debug\Digital Music Manager.pdb (Full PDB)
