  main.c
c:\users\necryotiks\documents\visual studio 2015\projects\cpts 121\hw\equation evaluator\equation evaluator\main.c(29): warning C4996: 'scanf': This function or variable may be unsafe. Consider using scanf_s instead. To disable deprecation, use _CRT_SECURE_NO_WARNINGS. See online help for details.
  c:\program files (x86)\windows kits\10\include\10.0.10240.0\ucrt\stdio.h(1270): note: see declaration of 'scanf'
c:\users\necryotiks\documents\visual studio 2015\projects\cpts 121\hw\equation evaluator\equation evaluator\main.c(37): warning C4996: 'scanf': This function or variable may be unsafe. Consider using scanf_s instead. To disable deprecation, use _CRT_SECURE_NO_WARNINGS. See online help for details.
  c:\program files (x86)\windows kits\10\include\10.0.10240.0\ucrt\stdio.h(1270): note: see declaration of 'scanf'
c:\users\necryotiks\documents\visual studio 2015\projects\cpts 121\hw\equation evaluator\equation evaluator\main.c(39): warning C4996: 'scanf': This function or variable may be unsafe. Consider using scanf_s instead. To disable deprecation, use _CRT_SECURE_NO_WARNINGS. See online help for details.
  c:\program files (x86)\windows kits\10\include\10.0.10240.0\ucrt\stdio.h(1270): note: see declaration of 'scanf'
c:\users\necryotiks\documents\visual studio 2015\projects\cpts 121\hw\equation evaluator\equation evaluator\main.c(57): warning C4996: 'scanf': This function or variable may be unsafe. Consider using scanf_s instead. To disable deprecation, use _CRT_SECURE_NO_WARNINGS. See online help for details.
  c:\program files (x86)\windows kits\10\include\10.0.10240.0\ucrt\stdio.h(1270): note: see declaration of 'scanf'
c:\users\necryotiks\documents\visual studio 2015\projects\cpts 121\hw\equation evaluator\equation evaluator\main.c(59): warning C4996: 'scanf': This function or variable may be unsafe. Consider using scanf_s instead. To disable deprecation, use _CRT_SECURE_NO_WARNINGS. See online help for details.
  c:\program files (x86)\windows kits\10\include\10.0.10240.0\ucrt\stdio.h(1270): note: see declaration of 'scanf'
c:\users\necryotiks\documents\visual studio 2015\projects\cpts 121\hw\equation evaluator\equation evaluator\main.c(61): warning C4244: 'initializing': conversion from 'double' to 'float', possible loss of data
c:\users\necryotiks\documents\visual studio 2015\projects\cpts 121\hw\equation evaluator\equation evaluator\main.c(79): warning C4996: 'scanf': This function or variable may be unsafe. Consider using scanf_s instead. To disable deprecation, use _CRT_SECURE_NO_WARNINGS. See online help for details.
  c:\program files (x86)\windows kits\10\include\10.0.10240.0\ucrt\stdio.h(1270): note: see declaration of 'scanf'
c:\users\necryotiks\documents\visual studio 2015\projects\cpts 121\hw\equation evaluator\equation evaluator\main.c(92): warning C4996: 'scanf': This function or variable may be unsafe. Consider using scanf_s instead. To disable deprecation, use _CRT_SECURE_NO_WARNINGS. See online help for details.
  c:\program files (x86)\windows kits\10\include\10.0.10240.0\ucrt\stdio.h(1270): note: see declaration of 'scanf'
c:\users\necryotiks\documents\visual studio 2015\projects\cpts 121\hw\equation evaluator\equation evaluator\main.c(94): warning C4996: 'scanf': This function or variable may be unsafe. Consider using scanf_s instead. To disable deprecation, use _CRT_SECURE_NO_WARNINGS. See online help for details.
  c:\program files (x86)\windows kits\10\include\10.0.10240.0\ucrt\stdio.h(1270): note: see declaration of 'scanf'
c:\users\necryotiks\documents\visual studio 2015\projects\cpts 121\hw\equation evaluator\equation evaluator\main.c(96): warning C4996: 'scanf': This function or variable may be unsafe. Consider using scanf_s instead. To disable deprecation, use _CRT_SECURE_NO_WARNINGS. See online help for details.
  c:\program files (x86)\windows kits\10\include\10.0.10240.0\ucrt\stdio.h(1270): note: see declaration of 'scanf'
c:\users\necryotiks\documents\visual studio 2015\projects\cpts 121\hw\equation evaluator\equation evaluator\main.c(120): warning C4996: 'scanf': This function or variable may be unsafe. Consider using scanf_s instead. To disable deprecation, use _CRT_SECURE_NO_WARNINGS. See online help for details.
  c:\program files (x86)\windows kits\10\include\10.0.10240.0\ucrt\stdio.h(1270): note: see declaration of 'scanf'
c:\users\necryotiks\documents\visual studio 2015\projects\cpts 121\hw\equation evaluator\equation evaluator\main.c(122): warning C4996: 'scanf': This function or variable may be unsafe. Consider using scanf_s instead. To disable deprecation, use _CRT_SECURE_NO_WARNINGS. See online help for details.
  c:\program files (x86)\windows kits\10\include\10.0.10240.0\ucrt\stdio.h(1270): note: see declaration of 'scanf'
c:\users\necryotiks\documents\visual studio 2015\projects\cpts 121\hw\equation evaluator\equation evaluator\main.c(124): warning C4996: 'scanf': This function or variable may be unsafe. Consider using scanf_s instead. To disable deprecation, use _CRT_SECURE_NO_WARNINGS. See online help for details.
  c:\program files (x86)\windows kits\10\include\10.0.10240.0\ucrt\stdio.h(1270): note: see declaration of 'scanf'
c:\users\necryotiks\documents\visual studio 2015\projects\cpts 121\hw\equation evaluator\equation evaluator\main.c(147): warning C4996: 'scanf': This function or variable may be unsafe. Consider using scanf_s instead. To disable deprecation, use _CRT_SECURE_NO_WARNINGS. See online help for details.
  c:\program files (x86)\windows kits\10\include\10.0.10240.0\ucrt\stdio.h(1270): note: see declaration of 'scanf'
c:\users\necryotiks\documents\visual studio 2015\projects\cpts 121\hw\equation evaluator\equation evaluator\main.c(149): warning C4996: 'scanf': This function or variable may be unsafe. Consider using scanf_s instead. To disable deprecation, use _CRT_SECURE_NO_WARNINGS. See online help for details.
  c:\program files (x86)\windows kits\10\include\10.0.10240.0\ucrt\stdio.h(1270): note: see declaration of 'scanf'
c:\users\necryotiks\documents\visual studio 2015\projects\cpts 121\hw\equation evaluator\equation evaluator\main.c(151): warning C4996: 'scanf': This function or variable may be unsafe. Consider using scanf_s instead. To disable deprecation, use _CRT_SECURE_NO_WARNINGS. See online help for details.
  c:\program files (x86)\windows kits\10\include\10.0.10240.0\ucrt\stdio.h(1270): note: see declaration of 'scanf'
c:\users\necryotiks\documents\visual studio 2015\projects\cpts 121\hw\equation evaluator\equation evaluator\main.c(153): warning C4996: 'scanf': This function or variable may be unsafe. Consider using scanf_s instead. To disable deprecation, use _CRT_SECURE_NO_WARNINGS. See online help for details.
  c:\program files (x86)\windows kits\10\include\10.0.10240.0\ucrt\stdio.h(1270): note: see declaration of 'scanf'
c:\users\necryotiks\documents\visual studio 2015\projects\cpts 121\hw\equation evaluator\equation evaluator\main.c(156): warning C4244: 'initializing': conversion from 'double' to 'float', possible loss of data
c:\users\necryotiks\documents\visual studio 2015\projects\cpts 121\hw\equation evaluator\equation evaluator\main.c(172): warning C4996: 'scanf': This function or variable may be unsafe. Consider using scanf_s instead. To disable deprecation, use _CRT_SECURE_NO_WARNINGS. See online help for details.
  c:\program files (x86)\windows kits\10\include\10.0.10240.0\ucrt\stdio.h(1270): note: see declaration of 'scanf'
c:\users\necryotiks\documents\visual studio 2015\projects\cpts 121\hw\equation evaluator\equation evaluator\main.c(173): warning C4244: 'initializing': conversion from 'double' to 'float', possible loss of data
c:\users\necryotiks\documents\visual studio 2015\projects\cpts 121\hw\equation evaluator\equation evaluator\main.c(174): warning C4476: 'printf' : unknown type field character ')' in format specifier
  Equation Evaluator.vcxproj -> C:\Users\Necryotiks\Documents\Visual Studio 2015\Projects\CPTS 121\HW\Equation Evaluator\x64\Debug\Equation Evaluator(WIP).exe
  Equation Evaluator.vcxproj -> C:\Users\Necryotiks\Documents\Visual Studio 2015\Projects\CPTS 121\HW\Equation Evaluator\x64\Debug\Equation Evaluator(WIP).pdb (Full PDB)
