  main.c
  functions.c
c:\users\necryotiks\documents\visual studio 2015\projects\digital music manager part 1\digital music manager part 1\functions.c(191): warning C4474: 'scanf' : too many arguments passed for format string
  c:\users\necryotiks\documents\visual studio 2015\projects\digital music manager part 1\digital music manager part 1\functions.c(191): note: placeholders and their parameters expect 0 variadic arguments, but 1 were provided
c:\users\necryotiks\documents\visual studio 2015\projects\digital music manager part 1\digital music manager part 1\functions.c(395): warning C4018: '<': signed/unsigned mismatch
c:\users\necryotiks\documents\visual studio 2015\projects\digital music manager part 1\digital music manager part 1\functions.c(494): warning C4020: 'puts': too many actual parameters
c:\users\necryotiks\documents\visual studio 2015\projects\digital music manager part 1\digital music manager part 1\functions.c(519): warning C4133: '=': incompatible types - from 'ListNode *' to 'char *'
c:\users\necryotiks\documents\visual studio 2015\projects\digital music manager part 1\digital music manager part 1\functions.c(527): warning C4133: '=': incompatible types - from 'char *' to 'ListNode *'
c:\users\necryotiks\documents\visual studio 2015\projects\digital music manager part 1\digital music manager part 1\functions.c(537): warning C4133: '=': incompatible types - from 'ListNode *' to 'char *'
c:\users\necryotiks\documents\visual studio 2015\projects\digital music manager part 1\digital music manager part 1\functions.c(391): warning C4474: 'scanf' : too many arguments passed for format string
  c:\users\necryotiks\documents\visual studio 2015\projects\digital music manager part 1\digital music manager part 1\functions.c(391): note: placeholders and their parameters expect 0 variadic arguments, but 1 were provided
c:\users\necryotiks\documents\visual studio 2015\projects\digital music manager part 1\digital music manager part 1\functions.c(402): warning C4474: 'scanf' : too many arguments passed for format string
  c:\users\necryotiks\documents\visual studio 2015\projects\digital music manager part 1\digital music manager part 1\functions.c(402): note: placeholders and their parameters expect 0 variadic arguments, but 1 were provided
c:\users\necryotiks\documents\visual studio 2015\projects\digital music manager part 1\digital music manager part 1\functions.c(450): warning C4474: 'scanf' : too many arguments passed for format string
  c:\users\necryotiks\documents\visual studio 2015\projects\digital music manager part 1\digital music manager part 1\functions.c(450): note: placeholders and their parameters expect 0 variadic arguments, but 1 were provided
c:\users\necryotiks\documents\visual studio 2015\projects\digital music manager part 1\digital music manager part 1\functions.c(459): warning C4474: 'scanf' : too many arguments passed for format string
  c:\users\necryotiks\documents\visual studio 2015\projects\digital music manager part 1\digital music manager part 1\functions.c(459): note: placeholders and their parameters expect 0 variadic arguments, but 1 were provided
c:\users\necryotiks\documents\visual studio 2015\projects\digital music manager part 1\digital music manager part 1\functions.c(468): warning C4474: 'scanf' : too many arguments passed for format string
  c:\users\necryotiks\documents\visual studio 2015\projects\digital music manager part 1\digital music manager part 1\functions.c(468): note: placeholders and their parameters expect 0 variadic arguments, but 1 were provided
c:\users\necryotiks\documents\visual studio 2015\projects\digital music manager part 1\digital music manager part 1\functions.c(477): warning C4474: 'scanf' : too many arguments passed for format string
  c:\users\necryotiks\documents\visual studio 2015\projects\digital music manager part 1\digital music manager part 1\functions.c(477): note: placeholders and their parameters expect 0 variadic arguments, but 1 were provided
c:\users\necryotiks\documents\visual studio 2015\projects\digital music manager part 1\digital music manager part 1\functions.c(386): warning C4101: 'namecheck': unreferenced local variable
c:\users\necryotiks\documents\visual studio 2015\projects\digital music manager part 1\digital music manager part 1\functions.c(387): warning C4101: 'songlist': unreferenced local variable
c:\users\necryotiks\documents\visual studio 2015\projects\digital music manager part 1\digital music manager part 1\functions.c(575): warning C4018: '<': signed/unsigned mismatch
c:\users\necryotiks\documents\visual studio 2015\projects\digital music manager part 1\digital music manager part 1\functions.c(658): warning C4133: '=': incompatible types - from 'ListNode *' to 'char *'
c:\users\necryotiks\documents\visual studio 2015\projects\digital music manager part 1\digital music manager part 1\functions.c(666): warning C4133: '=': incompatible types - from 'char *' to 'ListNode *'
c:\users\necryotiks\documents\visual studio 2015\projects\digital music manager part 1\digital music manager part 1\functions.c(676): warning C4133: '=': incompatible types - from 'ListNode *' to 'char *'
c:\users\necryotiks\documents\visual studio 2015\projects\digital music manager part 1\digital music manager part 1\functions.c(582): warning C4474: 'scanf' : too many arguments passed for format string
  c:\users\necryotiks\documents\visual studio 2015\projects\digital music manager part 1\digital music manager part 1\functions.c(582): note: placeholders and their parameters expect 0 variadic arguments, but 1 were provided
c:\users\necryotiks\documents\visual studio 2015\projects\digital music manager part 1\digital music manager part 1\functions.c(565): warning C4101: 'namecheck': unreferenced local variable
c:\users\necryotiks\documents\visual studio 2015\projects\digital music manager part 1\digital music manager part 1\functions.c(566): warning C4101: 'songlist': unreferenced local variable
c:\users\necryotiks\documents\visual studio 2015\projects\digital music manager part 1\digital music manager part 1\functions.c(754): warning C4474: 'scanf' : too many arguments passed for format string
  c:\users\necryotiks\documents\visual studio 2015\projects\digital music manager part 1\digital music manager part 1\functions.c(754): note: placeholders and their parameters expect 0 variadic arguments, but 1 were provided
  Generating Code...
  Digital Music Manager Part 1.vcxproj -> C:\Users\Necryotiks\Documents\Visual Studio 2015\Projects\Digital Music Manager Part 1\Debug\Digital Music Manager Part 1.exe
  Digital Music Manager Part 1.vcxproj -> C:\Users\Necryotiks\Documents\Visual Studio 2015\Projects\Digital Music Manager Part 1\Debug\Digital Music Manager Part 1.pdb (Full PDB)
