c:\users\necryotiks\documents\visual studio 2015\projects\digital music manager part 1\digital music manager part 1\debug\vc140.pdb
c:\users\necryotiks\documents\visual studio 2015\projects\digital music manager part 1\digital music manager part 1\debug\vc140.idb
c:\users\necryotiks\documents\visual studio 2015\projects\digital music manager part 1\digital music manager part 1\debug\functions.obj
c:\users\necryotiks\documents\visual studio 2015\projects\digital music manager part 1\digital music manager part 1\debug\main.obj
e:\digital music manager part 1\digital music manager part 1\debug\vc140.pdb
e:\digital music manager part 1\digital music manager part 1\debug\vc140.idb
e:\digital music manager part 1\digital music manager part 1\debug\functions.obj
e:\digital music manager part 1\digital music manager part 1\debug\main.obj
c:\users\necryotiks\documents\visual studio 2015\projects\digital music manager part 1\debug\digital music manager part 1.ilk
c:\users\necryotiks\documents\visual studio 2015\projects\digital music manager part 1\debug\digital music manager part 1.exe
c:\users\necryotiks\documents\visual studio 2015\projects\digital music manager part 1\debug\digital music manager part 1.pdb
e:\digital music manager part 1\debug\digital music manager part 1.ilk
e:\digital music manager part 1\debug\digital music manager part 1.exe
e:\digital music manager part 1\debug\digital music manager part 1.pdb
e:\digital music manager part 1\digital music manager part 1\debug\functions.obj.enc
e:\digital music manager part 1\digital music manager part 1\debug\functions.new.obj.enc
e:\digital music manager part 1\digital music manager part 1\debug\digital music manager part 1.ilk
e:\digital music manager part 1\digital music manager part 1\debug\digital music manager part 1.pdb
e:\digital music manager part 1\digital music manager part 1\debug\digital .9d5525d9.tlog\cl.command.1.tlog
e:\digital music manager part 1\digital music manager part 1\debug\digital .9d5525d9.tlog\cl.read.1.tlog
e:\digital music manager part 1\digital music manager part 1\debug\digital .9d5525d9.tlog\cl.write.1.tlog
e:\digital music manager part 1\digital music manager part 1\debug\digital .9d5525d9.tlog\link.command.1.tlog
e:\digital music manager part 1\digital music manager part 1\debug\digital .9d5525d9.tlog\link.read.1.tlog
e:\digital music manager part 1\digital music manager part 1\debug\digital .9d5525d9.tlog\link.write.1.tlog
