  Header.cpp
c:\users\necryotiks\documents\git_repos\wsu-cpts\morse code lookup bst\morse code lookup bst\bstlist.h(71): warning C4018: '<': signed/unsigned mismatch
  c:\users\necryotiks\documents\git_repos\wsu-cpts\morse code lookup bst\morse code lookup bst\bstlist.h(53): note: while compiling class template member function 'BSTList<char>::BSTList(void)'
  c:\users\necryotiks\documents\git_repos\wsu-cpts\morse code lookup bst\morse code lookup bst\header.cpp(7): note: see reference to function template instantiation 'BSTList<char>::BSTList(void)' being compiled
  c:\users\necryotiks\documents\git_repos\wsu-cpts\morse code lookup bst\morse code lookup bst\header.cpp(7): note: see reference to class template instantiation 'BSTList<char>' being compiled
c:\users\necryotiks\documents\git_repos\wsu-cpts\morse code lookup bst\morse code lookup bst\bstlist.h(107): warning C4018: '<': signed/unsigned mismatch
  c:\users\necryotiks\documents\git_repos\wsu-cpts\morse code lookup bst\morse code lookup bst\bstlist.h(102): note: while compiling class template member function 'void BSTList<char>::BSTKeycheck(std::vector<std::string,std::allocator<_Ty>> &,std::vector<char,std::allocator<char>> &)'
          with
          [
              _Ty=std::string
          ]
  c:\users\necryotiks\documents\git_repos\wsu-cpts\morse code lookup bst\morse code lookup bst\bstlist.h(70): note: see reference to function template instantiation 'void BSTList<char>::BSTKeycheck(std::vector<std::string,std::allocator<_Ty>> &,std::vector<char,std::allocator<char>> &)' being compiled
          with
          [
              _Ty=std::string
          ]
  c:\users\necryotiks\documents\git_repos\wsu-cpts\morse code lookup bst\morse code lookup bst\bstlist.h(53): note: while compiling class template member function 'BSTList<char>::BSTList(void)'
  c:\users\necryotiks\documents\git_repos\wsu-cpts\morse code lookup bst\morse code lookup bst\header.cpp(7): note: see reference to function template instantiation 'BSTList<char>::BSTList(void)' being compiled
c:\users\necryotiks\documents\git_repos\wsu-cpts\morse code lookup bst\morse code lookup bst\bstlist.h(193): warning C4018: '<': signed/unsigned mismatch
  c:\users\necryotiks\documents\git_repos\wsu-cpts\morse code lookup bst\morse code lookup bst\bstlist.h(188): note: while compiling class template member function 'void BSTList<char>::threadedInputLoop(std::vector<char,std::allocator<char>> &,std::ifstream &) const'
  c:\users\necryotiks\documents\git_repos\wsu-cpts\morse code lookup bst\morse code lookup bst\bstlist.h(67): note: see reference to function template instantiation 'void BSTList<char>::threadedInputLoop(std::vector<char,std::allocator<char>> &,std::ifstream &) const' being compiled
c:\users\necryotiks\documents\git_repos\wsu-cpts\morse code lookup bst\morse code lookup bst\bstlist.h(251): warning C4018: '<': signed/unsigned mismatch
  c:\users\necryotiks\documents\git_repos\wsu-cpts\morse code lookup bst\morse code lookup bst\bstlist.h(246): note: while compiling class template member function 'bool BSTList<char>::BSTSearch(BSTNode<T> *&,std::vector<char,std::allocator<char>> &,int &,std::fstream &)'
          with
          [
              T=char
          ]
  c:\users\necryotiks\documents\git_repos\wsu-cpts\morse code lookup bst\morse code lookup bst\bstlist.h(97): note: see reference to function template instantiation 'bool BSTList<char>::BSTSearch(BSTNode<T> *&,std::vector<char,std::allocator<char>> &,int &,std::fstream &)' being compiled
          with
          [
              T=char
          ]
  c:\users\necryotiks\documents\git_repos\wsu-cpts\morse code lookup bst\morse code lookup bst\bstlist.h(96): note: while compiling class template member function 'void BSTList<char>::BSTSearch(std::vector<char,std::allocator<char>> &,int &,std::fstream &)'
  c:\users\necryotiks\documents\git_repos\wsu-cpts\morse code lookup bst\morse code lookup bst\bstlist.h(73): note: see reference to function template instantiation 'void BSTList<char>::BSTSearch(std::vector<char,std::allocator<char>> &,int &,std::fstream &)' being compiled
c:\users\necryotiks\documents\git_repos\wsu-cpts\morse code lookup bst\morse code lookup bst\bstlist.h(261): warning C4018: '<': signed/unsigned mismatch
c:\users\necryotiks\documents\git_repos\wsu-cpts\morse code lookup bst\morse code lookup bst\bstlist.h(133): warning C4018: '<': signed/unsigned mismatch
  c:\users\necryotiks\documents\git_repos\wsu-cpts\morse code lookup bst\morse code lookup bst\bstlist.h(131): note: while compiling class template member function 'void BSTList<char>::ExportData(std::string,std::fstream &)'
  c:\users\necryotiks\documents\git_repos\wsu-cpts\morse code lookup bst\morse code lookup bst\bstlist.h(256): note: see reference to function template instantiation 'void BSTList<char>::ExportData(std::string,std::fstream &)' being compiled
  c:\users\necryotiks\documents\git_repos\wsu-cpts\morse code lookup bst\morse code lookup bst\bstlist.h(246): note: while compiling class template member function 'bool BSTList<char>::BSTSearch(BSTNode<T> *&,std::vector<char,std::allocator<char>> &,int &,std::fstream &)'
          with
          [
              T=char
          ]
  c:\users\necryotiks\documents\git_repos\wsu-cpts\morse code lookup bst\morse code lookup bst\bstlist.h(97): note: see reference to function template instantiation 'bool BSTList<char>::BSTSearch(BSTNode<T> *&,std::vector<char,std::allocator<char>> &,int &,std::fstream &)' being compiled
          with
          [
              T=char
          ]
c:\users\necryotiks\documents\git_repos\wsu-cpts\morse code lookup bst\morse code lookup bst\bstlist.h(272): warning C4715: 'BSTList<char>::BSTSearch': not all control paths return a value
  Morse Code Lookup BST.vcxproj -> C:\Users\Necryotiks\Documents\Git_Repos\WSU-CPTS\Morse Code Lookup BST\Debug\Morse Code Lookup BST.exe
  Morse Code Lookup BST.vcxproj -> C:\Users\Necryotiks\Documents\Git_Repos\WSU-CPTS\Morse Code Lookup BST\Debug\Morse Code Lookup BST.pdb (Full PDB)
